Determining if the pthread_create exist failed with the following output:
Change Dir: /data/SS_RNA_seq/Code/kallisto_pseudo_v1/build/CMakeFiles/CMakeTmp

Run Build Command:"/usr/bin/make" "cmTryCompileExec2030320166/fast"
/usr/bin/make -f CMakeFiles/cmTryCompileExec2030320166.dir/build.make CMakeFiles/cmTryCompileExec2030320166.dir/build
make[1]: Entering directory `/data/SS_RNA_seq/Code/kallisto_pseudo_v1/build/CMakeFiles/CMakeTmp'
/usr/bin/cmake -E cmake_progress_report /data/SS_RNA_seq/Code/kallisto_pseudo_v1/build/CMakeFiles/CMakeTmp/CMakeFiles 1
Building C object CMakeFiles/cmTryCompileExec2030320166.dir/CheckSymbolExists.c.o
/usr/bin/cc    -o CMakeFiles/cmTryCompileExec2030320166.dir/CheckSymbolExists.c.o   -c /data/SS_RNA_seq/Code/kallisto_pseudo_v1/build/CMakeFiles/CMakeTmp/CheckSymbolExists.c
Linking C executable cmTryCompileExec2030320166
/usr/bin/cmake -E cmake_link_script CMakeFiles/cmTryCompileExec2030320166.dir/link.txt --verbose=1
/usr/bin/cc       CMakeFiles/cmTryCompileExec2030320166.dir/CheckSymbolExists.c.o  -o cmTryCompileExec2030320166 -rdynamic 
CMakeFiles/cmTryCompileExec2030320166.dir/CheckSymbolExists.c.o: In function `main':
CheckSymbolExists.c:(.text+0x16): undefined reference to `pthread_create'
collect2: error: ld returned 1 exit status
make[1]: *** [cmTryCompileExec2030320166] Error 1
make[1]: Leaving directory `/data/SS_RNA_seq/Code/kallisto_pseudo_v1/build/CMakeFiles/CMakeTmp'
make: *** [cmTryCompileExec2030320166/fast] Error 2

File /data/SS_RNA_seq/Code/kallisto_pseudo_v1/build/CMakeFiles/CMakeTmp/CheckSymbolExists.c:
/* */
#include <pthread.h>

int main(int argc, char** argv)
{
  (void)argv;
#ifndef pthread_create
  return ((int*)(&pthread_create))[argc];
#else
  (void)argc;
  return 0;
#endif
}

Determining if the function pthread_create exists in the pthreads failed with the following output:
Change Dir: /data/SS_RNA_seq/Code/kallisto_pseudo_v1/build/CMakeFiles/CMakeTmp

Run Build Command:"/usr/bin/make" "cmTryCompileExec3658312893/fast"
/usr/bin/make -f CMakeFiles/cmTryCompileExec3658312893.dir/build.make CMakeFiles/cmTryCompileExec3658312893.dir/build
make[1]: Entering directory `/data/SS_RNA_seq/Code/kallisto_pseudo_v1/build/CMakeFiles/CMakeTmp'
/usr/bin/cmake -E cmake_progress_report /data/SS_RNA_seq/Code/kallisto_pseudo_v1/build/CMakeFiles/CMakeTmp/CMakeFiles 1
Building C object CMakeFiles/cmTryCompileExec3658312893.dir/CheckFunctionExists.c.o
/usr/bin/cc   -DCHECK_FUNCTION_EXISTS=pthread_create   -o CMakeFiles/cmTryCompileExec3658312893.dir/CheckFunctionExists.c.o   -c /usr/share/cmake-3.2/Modules/CheckFunctionExists.c
Linking C executable cmTryCompileExec3658312893
/usr/bin/cmake -E cmake_link_script CMakeFiles/cmTryCompileExec3658312893.dir/link.txt --verbose=1
/usr/bin/cc   -DCHECK_FUNCTION_EXISTS=pthread_create    CMakeFiles/cmTryCompileExec3658312893.dir/CheckFunctionExists.c.o  -o cmTryCompileExec3658312893 -rdynamic -lpthreads 
/usr/bin/ld: cannot find -lpthreads
collect2: error: ld returned 1 exit status
make[1]: *** [cmTryCompileExec3658312893] Error 1
make[1]: Leaving directory `/data/SS_RNA_seq/Code/kallisto_pseudo_v1/build/CMakeFiles/CMakeTmp'
make: *** [cmTryCompileExec3658312893/fast] Error 2


Determining if the pthread_create exist failed with the following output:
Change Dir: /data/SS_RNA_seq/Code/kallisto_pseudo_paired/build/CMakeFiles/CMakeTmp

Run Build Command:"/usr/bin/make" "cmTryCompileExec2525469445/fast"
/usr/bin/make -f CMakeFiles/cmTryCompileExec2525469445.dir/build.make CMakeFiles/cmTryCompileExec2525469445.dir/build
make[1]: Entering directory `/data/SS_RNA_seq/Code/kallisto_pseudo_paired/build/CMakeFiles/CMakeTmp'
/usr/bin/cmake -E cmake_progress_report /data/SS_RNA_seq/Code/kallisto_pseudo_paired/build/CMakeFiles/CMakeTmp/CMakeFiles 1
Building C object CMakeFiles/cmTryCompileExec2525469445.dir/CheckSymbolExists.c.o
/usr/bin/cc    -o CMakeFiles/cmTryCompileExec2525469445.dir/CheckSymbolExists.c.o   -c /data/SS_RNA_seq/Code/kallisto_pseudo_paired/build/CMakeFiles/CMakeTmp/CheckSymbolExists.c
Linking C executable cmTryCompileExec2525469445
/usr/bin/cmake -E cmake_link_script CMakeFiles/cmTryCompileExec2525469445.dir/link.txt --verbose=1
/usr/bin/cc       CMakeFiles/cmTryCompileExec2525469445.dir/CheckSymbolExists.c.o  -o cmTryCompileExec2525469445 -rdynamic 
CMakeFiles/cmTryCompileExec2525469445.dir/CheckSymbolExists.c.o: In function `main':
CheckSymbolExists.c:(.text+0x16): undefined reference to `pthread_create'
collect2: error: ld returned 1 exit status
make[1]: *** [cmTryCompileExec2525469445] Error 1
make[1]: Leaving directory `/data/SS_RNA_seq/Code/kallisto_pseudo_paired/build/CMakeFiles/CMakeTmp'
make: *** [cmTryCompileExec2525469445/fast] Error 2

File /data/SS_RNA_seq/Code/kallisto_pseudo_paired/build/CMakeFiles/CMakeTmp/CheckSymbolExists.c:
/* */
#include <pthread.h>

int main(int argc, char** argv)
{
  (void)argv;
#ifndef pthread_create
  return ((int*)(&pthread_create))[argc];
#else
  (void)argc;
  return 0;
#endif
}

Determining if the function pthread_create exists in the pthreads failed with the following output:
Change Dir: /data/SS_RNA_seq/Code/kallisto_pseudo_paired/build/CMakeFiles/CMakeTmp

Run Build Command:"/usr/bin/make" "cmTryCompileExec467232645/fast"
/usr/bin/make -f CMakeFiles/cmTryCompileExec467232645.dir/build.make CMakeFiles/cmTryCompileExec467232645.dir/build
make[1]: Entering directory `/data/SS_RNA_seq/Code/kallisto_pseudo_paired/build/CMakeFiles/CMakeTmp'
/usr/bin/cmake -E cmake_progress_report /data/SS_RNA_seq/Code/kallisto_pseudo_paired/build/CMakeFiles/CMakeTmp/CMakeFiles 1
Building C object CMakeFiles/cmTryCompileExec467232645.dir/CheckFunctionExists.c.o
/usr/bin/cc   -DCHECK_FUNCTION_EXISTS=pthread_create   -o CMakeFiles/cmTryCompileExec467232645.dir/CheckFunctionExists.c.o   -c /usr/share/cmake-3.2/Modules/CheckFunctionExists.c
Linking C executable cmTryCompileExec467232645
/usr/bin/cmake -E cmake_link_script CMakeFiles/cmTryCompileExec467232645.dir/link.txt --verbose=1
/usr/bin/cc   -DCHECK_FUNCTION_EXISTS=pthread_create    CMakeFiles/cmTryCompileExec467232645.dir/CheckFunctionExists.c.o  -o cmTryCompileExec467232645 -rdynamic -lpthreads 
/usr/bin/ld: cannot find -lpthreads
collect2: error: ld returned 1 exit status
make[1]: Leaving directory `/data/SS_RNA_seq/Code/kallisto_pseudo_paired/build/CMakeFiles/CMakeTmp'
make[1]: *** [cmTryCompileExec467232645] Error 1
make: *** [cmTryCompileExec467232645/fast] Error 2


